<?xml version="1.0" encoding="UTF-8"?>
<!-- Generated by org.testng.reporters.JUnitReportReporter -->
<testsuite skipped="0" hostname="ATMECSINLT-087" name="com.atmecsautomation.testscripts.Scenario2" tests="1" failures="0" timestamp="27 Sep 2019 13:08:09 GMT" time="11.738" errors="0">
  <testcase name="test" time="11.738" classname="com.atmecsautomation.testscripts.Scenario2"/>
</testsuite> <!-- com.atmecsautomation.testscripts.Scenario2 -->
