<?xml version="1.0" encoding="UTF-8"?>
<!-- Generated by org.testng.reporters.JUnitReportReporter -->
<testsuite skipped="0" hostname="ATMECSINLT-087" name="com.atmecsautomation.testscripts.Scenario1" tests="35" failures="0" timestamp="27 Sep 2019 13:23:36 GMT" time="22.217" errors="0">
  <testcase name="isRedirectionPage" time="0.098" classname="com.atmecsautomation.testscripts.Scenario1"/>
  <testcase name="homePageFooter" time="0.126" classname="com.atmecsautomation.testscripts.Scenario1"/>
  <testcase name="homePageFooter" time="0.139" classname="com.atmecsautomation.testscripts.Scenario1"/>
  <testcase name="homePageFooter" time="0.121" classname="com.atmecsautomation.testscripts.Scenario1"/>
  <testcase name="homePageFooter" time="0.126" classname="com.atmecsautomation.testscripts.Scenario1"/>
  <testcase name="aboutUsFooter" time="0.149" classname="com.atmecsautomation.testscripts.Scenario1"/>
  <testcase name="aboutUsFooter" time="0.131" classname="com.atmecsautomation.testscripts.Scenario1"/>
  <testcase name="aboutUsFooter" time="0.134" classname="com.atmecsautomation.testscripts.Scenario1"/>
  <testcase name="aboutUsFooter" time="3.143" classname="com.atmecsautomation.testscripts.Scenario1"/>
  <testcase name="servicesFooter" time="0.094" classname="com.atmecsautomation.testscripts.Scenario1"/>
  <testcase name="servicesFooter" time="0.115" classname="com.atmecsautomation.testscripts.Scenario1"/>
  <testcase name="servicesFooter" time="6.415" classname="com.atmecsautomation.testscripts.Scenario1"/>
  <testcase name="servicesFooter" time="0.118" classname="com.atmecsautomation.testscripts.Scenario1"/>
  <testcase name="partnersFooter" time="0.099" classname="com.atmecsautomation.testscripts.Scenario1"/>
  <testcase name="partnersFooter" time="0.101" classname="com.atmecsautomation.testscripts.Scenario1"/>
  <testcase name="partnersFooter" time="2.950" classname="com.atmecsautomation.testscripts.Scenario1"/>
  <testcase name="partnersFooter" time="0.116" classname="com.atmecsautomation.testscripts.Scenario1"/>
  <testcase name="mediaFooter" time="0.342" classname="com.atmecsautomation.testscripts.Scenario1"/>
  <testcase name="mediaFooter" time="0.085" classname="com.atmecsautomation.testscripts.Scenario1"/>
  <testcase name="mediaFooter" time="0.090" classname="com.atmecsautomation.testscripts.Scenario1"/>
  <testcase name="mediaFooter" time="0.102" classname="com.atmecsautomation.testscripts.Scenario1"/>
  <testcase name="insightsFooter" time="0.099" classname="com.atmecsautomation.testscripts.Scenario1"/>
  <testcase name="insightsFooter" time="0.085" classname="com.atmecsautomation.testscripts.Scenario1"/>
  <testcase name="insightsFooter" time="0.116" classname="com.atmecsautomation.testscripts.Scenario1"/>
  <testcase name="insightsFooter" time="0.328" classname="com.atmecsautomation.testscripts.Scenario1"/>
  <testcase name="careersFooter" time="0.126" classname="com.atmecsautomation.testscripts.Scenario1"/>
  <testcase name="careersFooter" time="2.412" classname="com.atmecsautomation.testscripts.Scenario1"/>
  <testcase name="careersFooter" time="0.114" classname="com.atmecsautomation.testscripts.Scenario1"/>
  <testcase name="careersFooter" time="0.103" classname="com.atmecsautomation.testscripts.Scenario1"/>
  <testcase name="contactUsFooter" time="0.102" classname="com.atmecsautomation.testscripts.Scenario1"/>
  <testcase name="contactUsFooter" time="0.078" classname="com.atmecsautomation.testscripts.Scenario1"/>
  <testcase name="contactUsFooter" time="0.080" classname="com.atmecsautomation.testscripts.Scenario1"/>
  <testcase name="contactUsFooter" time="2.900" classname="com.atmecsautomation.testscripts.Scenario1"/>
  <testcase name="menuOptionvalidation" time="0.556" classname="com.atmecsautomation.testscripts.Scenario1"/>
  <testcase name="menuOptionvalidation" time="0.324" classname="com.atmecsautomation.testscripts.Scenario1"/>
</testsuite> <!-- com.atmecsautomation.testscripts.Scenario1 -->
