<?xml version="1.0" encoding="UTF-8"?>
<!-- Generated by org.testng.reporters.JUnitReportReporter -->
<testsuite skipped="0" hostname="ATMECSINLT-087" name="com.atmecsautomation.testscripts.Scenario1" tests="35" failures="0" timestamp="30 Sep 2019 11:59:14 GMT" time="30.792" errors="0">
  <testcase name="isRedirectionPage" time="0.121" classname="com.atmecsautomation.testscripts.Scenario1"/>
  <testcase name="homePageFooter" time="0.365" classname="com.atmecsautomation.testscripts.Scenario1"/>
  <testcase name="homePageFooter" time="0.421" classname="com.atmecsautomation.testscripts.Scenario1"/>
  <testcase name="homePageFooter" time="0.378" classname="com.atmecsautomation.testscripts.Scenario1"/>
  <testcase name="homePageFooter" time="0.338" classname="com.atmecsautomation.testscripts.Scenario1"/>
  <testcase name="aboutUsFooter" time="0.337" classname="com.atmecsautomation.testscripts.Scenario1"/>
  <testcase name="aboutUsFooter" time="0.391" classname="com.atmecsautomation.testscripts.Scenario1"/>
  <testcase name="aboutUsFooter" time="0.348" classname="com.atmecsautomation.testscripts.Scenario1"/>
  <testcase name="aboutUsFooter" time="4.292" classname="com.atmecsautomation.testscripts.Scenario1"/>
  <testcase name="servicesFooter" time="0.320" classname="com.atmecsautomation.testscripts.Scenario1"/>
  <testcase name="servicesFooter" time="3.079" classname="com.atmecsautomation.testscripts.Scenario1"/>
  <testcase name="servicesFooter" time="0.349" classname="com.atmecsautomation.testscripts.Scenario1"/>
  <testcase name="servicesFooter" time="0.293" classname="com.atmecsautomation.testscripts.Scenario1"/>
  <testcase name="partnersFooter" time="0.318" classname="com.atmecsautomation.testscripts.Scenario1"/>
  <testcase name="partnersFooter" time="3.171" classname="com.atmecsautomation.testscripts.Scenario1"/>
  <testcase name="partnersFooter" time="0.271" classname="com.atmecsautomation.testscripts.Scenario1"/>
  <testcase name="partnersFooter" time="0.294" classname="com.atmecsautomation.testscripts.Scenario1"/>
  <testcase name="mediaFooter" time="1.060" classname="com.atmecsautomation.testscripts.Scenario1"/>
  <testcase name="mediaFooter" time="0.257" classname="com.atmecsautomation.testscripts.Scenario1"/>
  <testcase name="mediaFooter" time="0.274" classname="com.atmecsautomation.testscripts.Scenario1"/>
  <testcase name="mediaFooter" time="0.273" classname="com.atmecsautomation.testscripts.Scenario1"/>
  <testcase name="insightsFooter" time="1.064" classname="com.atmecsautomation.testscripts.Scenario1"/>
  <testcase name="insightsFooter" time="0.268" classname="com.atmecsautomation.testscripts.Scenario1"/>
  <testcase name="insightsFooter" time="0.263" classname="com.atmecsautomation.testscripts.Scenario1"/>
  <testcase name="insightsFooter" time="0.255" classname="com.atmecsautomation.testscripts.Scenario1"/>
  <testcase name="careersFooter" time="3.347" classname="com.atmecsautomation.testscripts.Scenario1"/>
  <testcase name="careersFooter" time="0.277" classname="com.atmecsautomation.testscripts.Scenario1"/>
  <testcase name="careersFooter" time="0.321" classname="com.atmecsautomation.testscripts.Scenario1"/>
  <testcase name="careersFooter" time="0.287" classname="com.atmecsautomation.testscripts.Scenario1"/>
  <testcase name="contactUsFooter" time="0.285" classname="com.atmecsautomation.testscripts.Scenario1"/>
  <testcase name="contactUsFooter" time="0.288" classname="com.atmecsautomation.testscripts.Scenario1"/>
  <testcase name="contactUsFooter" time="0.311" classname="com.atmecsautomation.testscripts.Scenario1"/>
  <testcase name="contactUsFooter" time="4.229" classname="com.atmecsautomation.testscripts.Scenario1"/>
  <testcase name="menuOptionvalidation" time="1.621" classname="com.atmecsautomation.testscripts.Scenario1"/>
  <testcase name="menuOptionvalidation" time="1.026" classname="com.atmecsautomation.testscripts.Scenario1"/>
</testsuite> <!-- com.atmecsautomation.testscripts.Scenario1 -->
