<?xml version="1.0" encoding="UTF-8"?>
<!-- Generated by org.testng.reporters.JUnitReportReporter -->
<testsuite skipped="0" hostname="ATMECSINLT-087" name="com.atmecsautomation.testscripts.Scenario2" tests="5" failures="0" timestamp="30 Sep 2019 11:33:33 GMT" time="14.667" errors="0">
  <testcase name="blogPage" time="3.814" classname="com.atmecsautomation.testscripts.Scenario2"/>
  <testcase name="blogDateValidation" time="1.150" classname="com.atmecsautomation.testscripts.Scenario2"/>
  <testcase name="blogContentValidation" time="8.412" classname="com.atmecsautomation.testscripts.Scenario2"/>
  <testcase name="blogBreadcrum" time="0.196" classname="com.atmecsautomation.testscripts.Scenario2"/>
  <testcase name="errorMsgValidation" time="1.095" classname="com.atmecsautomation.testscripts.Scenario2"/>
</testsuite> <!-- com.atmecsautomation.testscripts.Scenario2 -->
